NOW: Friday, September 8, 2023 3:09 PM
FILE: sample-tests.xlsx
SHEET: 2 15
BASEURL: https://demoqa.com/text-box
USERID: abc
PASSWORD: abcd
NOW: Friday, September 8, 2023 3:09 PM
FILE: sample-tests.xlsx
SHEET: 2 15
LOCATOR: 3
ACTION: 4
DATA: 5
ACTION_FORMAT: 
PRINT_FORMAT: 
COMMENT_FORMAT: {{1}} {{2}}
TRACE_FORMAT: {{4}} - {{5}}   .   {{6}}
DEBUG_TRACE: true
sheets:  17
1 basics
2 key
3 timeout
4 keys
5 script
6 attrib_href
7 iframe
8 sleep
9 dblclick
10 file
11 pause
12 if_endif
13 select
14 tab
15 var_set
16 reload
17 locator2-beta


----
TOTAL TIME:  = 0.243
TOTAL ACTIONS: 0
---------- xxxx ----------

